<?xml version="1.0" encoding="UTF-8"?>

<mule xmlns:context="http://www.springframework.org/schema/context"
	xmlns:http="http://www.mulesoft.org/schema/mule/http"
	xmlns="http://www.mulesoft.org/schema/mule/core" xmlns:doc="http://www.mulesoft.org/schema/mule/documentation"
	xmlns:spring="http://www.springframework.org/schema/beans" 
	xmlns:xsi="http://www.w3.org/2001/XMLSchema-instance"
	xsi:schemaLocation="http://www.springframework.org/schema/context http://www.springframework.org/schema/context/spring-context-current.xsd
http://www.mulesoft.org/schema/mule/http http://www.mulesoft.org/schema/mule/http/current/mule-http.xsd
http://www.springframework.org/schema/beans http://www.springframework.org/schema/beans/spring-beans-current.xsd
http://www.mulesoft.org/schema/mule/core http://www.mulesoft.org/schema/mule/core/current/mule.xsd">
    <http:listener-config name="HTTP_Listener_Configuration" host="0.0.0.0" port="8081" doc:name="HTTP Listener Configuration"/>
    <context:property-placeholder location="test-ws-${mule.env}.properties"/>
    <flow name="test-service-newFlow">
        <poll doc:name="Poll">
            <logger message="++++Entry Point GET customers++++" level="INFO" doc:name="logStart"/>
        </poll>
        <logger message="+++++ New name is : ${name} ++++++" level="INFO" doc:name="Logger"/>

        <logger message="++++Exit Point GET customers ++++" level="INFO" doc:name="logEnd"/>
    </flow>
</mule>
