<?xml version="1.0" encoding="UTF-8"?>

<mule xmlns="http://www.mulesoft.org/schema/mule/core" xmlns:doc="http://www.mulesoft.org/schema/mule/documentation" xmlns:munit="http://www.mulesoft.org/schema/mule/munit" xmlns:spring="http://www.springframework.org/schema/beans" xmlns:core="http://www.mulesoft.org/schema/mule/core" xmlns:xsi="http://www.w3.org/2001/XMLSchema-instance" xsi:schemaLocation="http://www.mulesoft.org/schema/mule/munit http://www.mulesoft.org/schema/mule/munit/current/mule-munit.xsd
http://www.springframework.org/schema/beans http://www.springframework.org/schema/beans/spring-beans-current.xsd
http://www.mulesoft.org/schema/mule/core http://www.mulesoft.org/schema/mule/core/current/mule.xsd">
    <munit:config name="munit" doc:name="MUnit configuration"/>
    <spring:beans>
        <spring:import resource="classpath:test-service-new.xml"/>
    </spring:beans>
    <munit:test name="test-service-getOrderStatus" description="Testing the order status payload">
        <flow-ref name="getOrderStatus" doc:name="Flow-ref to getOrderStatus"/>
        <munit:assert-not-null message="No response! Failure!" doc:name="Assert Not Null Payload"/>
    </munit:test>
    <munit:test name="test-service-testPayload" description="Test">
        <flow-ref name="getOrderStatus" doc:name="Flow-ref to getOrderSTatus"/>
        <munit:assert-payload-equals message="Failure! Error payload!" expectedValue="#['[{         &quot;orderId&quot;: &quot;I1234&quot;,         &quot;orderType&quot;: &quot;ABC&quot;,         &quot;status&quot;: &quot;Completed&quot;  },  {         &quot;orderId&quot;: &quot;I5679&quot;,         &quot;orderType&quot;: &quot;DEF&quot;,         &quot;status&quot;: &quot;InProgress&quot;  }]']" doc:name="Assert Payload"/>
    </munit:test>
</mule>
